{"C:\\ANCA\\Projects\\www.roadmap.com\\server-shop\\spec\\specs.js":{"path":"C:\\ANCA\\Projects\\www.roadmap.com\\server-shop\\spec\\specs.js","s":{"1":1,"2":1,"3":1,"4":1,"5":1,"6":1,"7":1,"8":1},"b":{},"f":{},"fnMap":{},"statementMap":{"1":{"start":{"line":1,"column":0},"end":{"line":1,"column":35}},"2":{"start":{"line":2,"column":0},"end":{"line":2,"column":67}},"3":{"start":{"line":3,"column":0},"end":{"line":3,"column":30}},"4":{"start":{"line":4,"column":0},"end":{"line":10,"column":3}},"5":{"start":{"line":11,"column":0},"end":{"line":11,"column":30}},"6":{"start":{"line":12,"column":0},"end":{"line":12,"column":25}},"7":{"start":{"line":13,"column":0},"end":{"line":13,"column":44}},"8":{"start":{"line":14,"column":0},"end":{"line":14,"column":18}}},"branchMap":{}},"C:\\ANCA\\Projects\\www.roadmap.com\\server-shop\\spec\\unit\\models\\category.spec.js":{"path":"C:\\ANCA\\Projects\\www.roadmap.com\\server-shop\\spec\\unit\\models\\category.spec.js","s":{"1":1,"2":1,"3":1,"4":0,"5":0,"6":0,"7":0,"8":0,"9":0,"10":0,"11":0,"12":0,"13":0},"b":{},"f":{"1":0,"2":0},"fnMap":{"1":{"name":"(anonymous_1)","line":15,"loc":{"start":{"line":15,"column":21},"end":{"line":15,"column":33}}},"2":{"name":"(anonymous_2)","line":17,"loc":{"start":{"line":17,"column":65},"end":{"line":17,"column":77}}}},"statementMap":{"1":{"start":{"line":1,"column":0},"end":{"line":1,"column":63}},"2":{"start":{"line":3,"column":0},"end":{"line":32,"column":3}},"3":{"start":{"line":4,"column":2},"end":{"line":31,"column":4}},"4":{"start":{"line":8,"column":4},"end":{"line":8,"column":51}},"5":{"start":{"line":9,"column":4},"end":{"line":11,"column":7}},"6":{"start":{"line":15,"column":4},"end":{"line":15,"column":37}},"7":{"start":{"line":16,"column":4},"end":{"line":16,"column":34}},"8":{"start":{"line":17,"column":4},"end":{"line":20,"column":7}},"9":{"start":{"line":18,"column":6},"end":{"line":18,"column":26}},"10":{"start":{"line":19,"column":6},"end":{"line":19,"column":19}},"11":{"start":{"line":22,"column":4},"end":{"line":22,"column":48}},"12":{"start":{"line":23,"column":4},"end":{"line":23,"column":34}},"13":{"start":{"line":28,"column":4},"end":{"line":28,"column":45}}},"branchMap":{}},"C:\\ANCA\\Projects\\www.roadmap.com\\server-shop\\server\\models\\category.js":{"path":"C:\\ANCA\\Projects\\www.roadmap.com\\server-shop\\server\\models\\category.js","s":{"1":1,"2":1,"3":1,"4":1,"5":0,"6":0,"7":0,"8":0,"9":0,"10":0,"11":1},"b":{},"f":{},"fnMap":{},"statementMap":{"1":{"start":{"line":1,"column":0},"end":{"line":1,"column":63}},"2":{"start":{"line":3,"column":0},"end":{"line":5,"column":3}},"3":{"start":{"line":7,"column":0},"end":{"line":7,"column":30}},"4":{"start":{"line":9,"column":0},"end":{"line":24,"column":1}},"5":{"start":{"line":11,"column":4},"end":{"line":11,"column":35}},"6":{"start":{"line":14,"column":4},"end":{"line":14,"column":58}},"7":{"start":{"line":17,"column":4},"end":{"line":17,"column":35}},"8":{"start":{"line":18,"column":4},"end":{"line":18,"column":28}},"9":{"start":{"line":21,"column":4},"end":{"line":21,"column":27}},"10":{"start":{"line":22,"column":4},"end":{"line":22,"column":30}},"11":{"start":{"line":26,"column":0},"end":{"line":26,"column":29}}},"branchMap":{}},"C:\\ANCA\\Projects\\www.roadmap.com\\server-shop\\server\\db_connection\\mysqlConnection.js":{"path":"C:\\ANCA\\Projects\\www.roadmap.com\\server-shop\\server\\db_connection\\mysqlConnection.js","s":{"1":1,"2":1,"3":1},"b":{},"f":{},"fnMap":{},"statementMap":{"1":{"start":{"line":1,"column":0},"end":{"line":1,"column":40}},"2":{"start":{"line":3,"column":0},"end":{"line":9,"column":3}},"3":{"start":{"line":11,"column":0},"end":{"line":11,"column":28}}},"branchMap":{}},"C:\\ANCA\\Projects\\www.roadmap.com\\server-shop\\spec\\unit\\routes\\products.spec.js":{"path":"C:\\ANCA\\Projects\\www.roadmap.com\\server-shop\\spec\\unit\\routes\\products.spec.js","s":{"1":1,"2":1,"3":1,"4":1,"5":1,"6":1,"7":1,"8":1,"9":1,"10":1,"11":1,"12":0,"13":0,"14":0},"b":{},"f":{"1":1,"2":1,"3":1,"4":0,"5":0},"fnMap":{"1":{"name":"(anonymous_1)","line":6,"loc":{"start":{"line":6,"column":21},"end":{"line":6,"column":33}}},"2":{"name":"(anonymous_2)","line":7,"loc":{"start":{"line":7,"column":40},"end":{"line":7,"column":56}}},"3":{"name":"(anonymous_3)","line":13,"loc":{"start":{"line":13,"column":26},"end":{"line":13,"column":53}}},"4":{"name":"(anonymous_4)","line":20,"loc":{"start":{"line":20,"column":29},"end":{"line":20,"column":45}}},"5":{"name":"(anonymous_5)","line":21,"loc":{"start":{"line":21,"column":53},"end":{"line":21,"column":80}}}},"statementMap":{"1":{"start":{"line":1,"column":0},"end":{"line":1,"column":35}},"2":{"start":{"line":2,"column":0},"end":{"line":2,"column":58}},"3":{"start":{"line":4,"column":0},"end":{"line":4,"column":50}},"4":{"start":{"line":6,"column":0},"end":{"line":26,"column":3}},"5":{"start":{"line":7,"column":2},"end":{"line":18,"column":5}},"6":{"start":{"line":8,"column":4},"end":{"line":10,"column":7}},"7":{"start":{"line":11,"column":4},"end":{"line":11,"column":64}},"8":{"start":{"line":13,"column":4},"end":{"line":17,"column":7}},"9":{"start":{"line":14,"column":6},"end":{"line":14,"column":52}},"10":{"start":{"line":16,"column":6},"end":{"line":16,"column":13}},"11":{"start":{"line":20,"column":2},"end":{"line":25,"column":5}},"12":{"start":{"line":21,"column":4},"end":{"line":24,"column":7}},"13":{"start":{"line":22,"column":6},"end":{"line":22,"column":47}},"14":{"start":{"line":23,"column":6},"end":{"line":23,"column":13}}},"branchMap":{}},"C:\\ANCA\\Projects\\www.roadmap.com\\server-shop\\server\\models\\product.js":{"path":"C:\\ANCA\\Projects\\www.roadmap.com\\server-shop\\server\\models\\product.js","s":{"1":1,"2":1,"3":1,"4":1,"5":0,"6":0,"7":0,"8":0,"9":0,"10":0,"11":0,"12":0,"13":0,"14":0,"15":0,"16":1},"b":{},"f":{},"fnMap":{},"statementMap":{"1":{"start":{"line":1,"column":0},"end":{"line":1,"column":63}},"2":{"start":{"line":3,"column":0},"end":{"line":5,"column":3}},"3":{"start":{"line":7,"column":0},"end":{"line":7,"column":28}},"4":{"start":{"line":9,"column":0},"end":{"line":41,"column":1}},"5":{"start":{"line":11,"column":4},"end":{"line":11,"column":34}},"6":{"start":{"line":14,"column":4},"end":{"line":14,"column":33}},"7":{"start":{"line":15,"column":4},"end":{"line":19,"column":19}},"8":{"start":{"line":20,"column":4},"end":{"line":20,"column":35}},"9":{"start":{"line":23,"column":4},"end":{"line":27,"column":51}},"10":{"start":{"line":28,"column":4},"end":{"line":28,"column":35}},"11":{"start":{"line":31,"column":4},"end":{"line":31,"column":57}},"12":{"start":{"line":34,"column":4},"end":{"line":34,"column":32}},"13":{"start":{"line":35,"column":4},"end":{"line":35,"column":27}},"14":{"start":{"line":38,"column":4},"end":{"line":38,"column":26}},"15":{"start":{"line":39,"column":4},"end":{"line":39,"column":29}},"16":{"start":{"line":43,"column":0},"end":{"line":43,"column":28}}},"branchMap":{}},"C:\\ANCA\\Projects\\www.roadmap.com\\server-shop\\spec\\unit\\server.spec.js":{"path":"C:\\ANCA\\Projects\\www.roadmap.com\\server-shop\\spec\\unit\\server.spec.js","s":{"1":1,"2":1,"3":1,"4":1,"5":0,"6":1,"7":0,"8":1,"9":1,"10":1,"11":0,"12":0,"13":0,"14":0,"15":1,"16":0},"b":{},"f":{},"fnMap":{},"statementMap":{"1":{"start":{"line":1,"column":0},"end":{"line":1,"column":35}},"2":{"start":{"line":3,"column":0},"end":{"line":27,"column":2}},"3":{"start":{"line":4,"column":2},"end":{"line":4,"column":13}},"4":{"start":{"line":5,"column":2},"end":{"line":7,"column":5}},"5":{"start":{"line":6,"column":4},"end":{"line":6,"column":44}},"6":{"start":{"line":9,"column":2},"end":{"line":11,"column":5}},"7":{"start":{"line":10,"column":4},"end":{"line":10,"column":19}},"8":{"start":{"line":13,"column":2},"end":{"line":26,"column":5}},"9":{"start":{"line":14,"column":4},"end":{"line":14,"column":20}},"10":{"start":{"line":15,"column":4},"end":{"line":21,"column":7}},"11":{"start":{"line":16,"column":6},"end":{"line":20,"column":8}},"12":{"start":{"line":17,"column":8},"end":{"line":17,"column":38}},"13":{"start":{"line":18,"column":8},"end":{"line":18,"column":37}},"14":{"start":{"line":19,"column":8},"end":{"line":19,"column":15}},"15":{"start":{"line":23,"column":4},"end":{"line":25,"column":7}},"16":{"start":{"line":24,"column":6},"end":{"line":24,"column":36}}},"branchMap":{}},"C:\\ANCA\\Projects\\www.roadmap.com\\server-shop\\server\\models\\productCategory.js":{"path":"C:\\ANCA\\Projects\\www.roadmap.com\\server-shop\\server\\models\\productCategory.js","s":{"1":0,"2":0,"3":0,"4":0,"5":0,"6":0,"7":0},"b":{},"f":{},"fnMap":{},"statementMap":{"1":{"start":{"line":1,"column":0},"end":{"line":1,"column":63}},"2":{"start":{"line":3,"column":0},"end":{"line":5,"column":3}},"3":{"start":{"line":7,"column":0},"end":{"line":7,"column":36}},"4":{"start":{"line":9,"column":0},"end":{"line":14,"column":1}},"5":{"start":{"line":11,"column":4},"end":{"line":11,"column":40}},"6":{"start":{"line":12,"column":4},"end":{"line":12,"column":27}},"7":{"start":{"line":16,"column":0},"end":{"line":16,"column":28}}},"branchMap":{}},"C:\\ANCA\\Projects\\www.roadmap.com\\server-shop\\server\\routes\\categories.js":{"path":"C:\\ANCA\\Projects\\www.roadmap.com\\server-shop\\server\\routes\\categories.js","s":{"1":0,"2":0,"3":0,"4":0,"5":0,"6":0,"7":0,"8":0,"9":0,"10":0,"11":0,"12":0,"13":0,"14":0,"15":0,"16":0,"17":0,"18":0,"19":0,"20":0,"21":0,"22":0,"23":0,"24":0,"25":0,"26":0,"27":0},"b":{"1":[0,0],"2":[0,0],"3":[0,0],"4":[0,0],"5":[0,0],"6":[0,0],"7":[0,0],"8":[0,0]},"f":{},"fnMap":{},"statementMap":{"1":{"start":{"line":1,"column":0},"end":{"line":1,"column":35}},"2":{"start":{"line":2,"column":0},"end":{"line":2,"column":47}},"3":{"start":{"line":4,"column":0},"end":{"line":4,"column":32}},"4":{"start":{"line":6,"column":0},"end":{"line":13,"column":3}},"5":{"start":{"line":7,"column":2},"end":{"line":12,"column":5}},"6":{"start":{"line":8,"column":4},"end":{"line":10,"column":5}},"7":{"start":{"line":9,"column":6},"end":{"line":9,"column":32}},"8":{"start":{"line":11,"column":4},"end":{"line":11,"column":37}},"9":{"start":{"line":15,"column":0},"end":{"line":22,"column":3}},"10":{"start":{"line":16,"column":2},"end":{"line":21,"column":5}},"11":{"start":{"line":17,"column":4},"end":{"line":19,"column":5}},"12":{"start":{"line":18,"column":6},"end":{"line":18,"column":32}},"13":{"start":{"line":20,"column":4},"end":{"line":20,"column":52}},"14":{"start":{"line":24,"column":0},"end":{"line":34,"column":3}},"15":{"start":{"line":25,"column":2},"end":{"line":33,"column":5}},"16":{"start":{"line":26,"column":4},"end":{"line":29,"column":5}},"17":{"start":{"line":27,"column":6},"end":{"line":27,"column":23}},"18":{"start":{"line":28,"column":6},"end":{"line":28,"column":32}},"19":{"start":{"line":30,"column":4},"end":{"line":32,"column":5}},"20":{"start":{"line":31,"column":6},"end":{"line":31,"column":59}},"21":{"start":{"line":36,"column":0},"end":{"line":45,"column":3}},"22":{"start":{"line":37,"column":2},"end":{"line":44,"column":4}},"23":{"start":{"line":38,"column":4},"end":{"line":40,"column":5}},"24":{"start":{"line":39,"column":6},"end":{"line":39,"column":32}},"25":{"start":{"line":41,"column":4},"end":{"line":43,"column":5}},"26":{"start":{"line":42,"column":6},"end":{"line":42,"column":38}},"27":{"start":{"line":47,"column":0},"end":{"line":47,"column":24}}},"branchMap":{"1":{"line":8,"type":"if","locations":[{"start":{"line":8,"column":4},"end":{"line":8,"column":4}},{"start":{"line":8,"column":4},"end":{"line":8,"column":4}}]},"2":{"line":17,"type":"if","locations":[{"start":{"line":17,"column":4},"end":{"line":17,"column":4}},{"start":{"line":17,"column":4},"end":{"line":17,"column":4}}]},"3":{"line":26,"type":"if","locations":[{"start":{"line":26,"column":4},"end":{"line":26,"column":4}},{"start":{"line":26,"column":4},"end":{"line":26,"column":4}}]},"4":{"line":30,"type":"if","locations":[{"start":{"line":30,"column":4},"end":{"line":30,"column":4}},{"start":{"line":30,"column":4},"end":{"line":30,"column":4}}]},"5":{"line":30,"type":"binary-expr","locations":[{"start":{"line":30,"column":8},"end":{"line":30,"column":14}},{"start":{"line":30,"column":18},"end":{"line":30,"column":43}}]},"6":{"line":38,"type":"if","locations":[{"start":{"line":38,"column":4},"end":{"line":38,"column":4}},{"start":{"line":38,"column":4},"end":{"line":38,"column":4}}]},"7":{"line":41,"type":"if","locations":[{"start":{"line":41,"column":4},"end":{"line":41,"column":4}},{"start":{"line":41,"column":4},"end":{"line":41,"column":4}}]},"8":{"line":41,"type":"binary-expr","locations":[{"start":{"line":41,"column":8},"end":{"line":41,"column":14}},{"start":{"line":41,"column":18},"end":{"line":41,"column":43}}]}}},"C:\\ANCA\\Projects\\www.roadmap.com\\server-shop\\server\\routes\\products.js":{"path":"C:\\ANCA\\Projects\\www.roadmap.com\\server-shop\\server\\routes\\products.js","s":{"1":0,"2":0,"3":0,"4":0,"5":0,"6":0,"7":0,"8":0,"9":0,"10":0,"11":0,"12":0,"13":0,"14":0,"15":0,"16":0,"17":0,"18":0,"19":0,"20":0,"21":0,"22":0,"23":0,"24":0,"25":0,"26":0,"27":0,"28":0,"29":0,"30":0,"31":0,"32":0,"33":0,"34":0,"35":0,"36":0,"37":0,"38":0,"39":0,"40":0,"41":0},"b":{"1":[0,0],"2":[0,0],"3":[0,0],"4":[0,0],"5":[0,0],"6":[0,0],"7":[0,0],"8":[0,0],"9":[0,0]},"f":{},"fnMap":{},"statementMap":{"1":{"start":{"line":1,"column":0},"end":{"line":1,"column":35}},"2":{"start":{"line":2,"column":0},"end":{"line":2,"column":45}},"3":{"start":{"line":3,"column":0},"end":{"line":3,"column":61}},"4":{"start":{"line":5,"column":0},"end":{"line":5,"column":32}},"5":{"start":{"line":7,"column":0},"end":{"line":16,"column":3}},"6":{"start":{"line":8,"column":2},"end":{"line":8,"column":21}},"7":{"start":{"line":9,"column":2},"end":{"line":15,"column":5}},"8":{"start":{"line":10,"column":4},"end":{"line":10,"column":29}},"9":{"start":{"line":11,"column":4},"end":{"line":13,"column":5}},"10":{"start":{"line":12,"column":6},"end":{"line":12,"column":32}},"11":{"start":{"line":14,"column":4},"end":{"line":14,"column":49}},"12":{"start":{"line":18,"column":0},"end":{"line":26,"column":3}},"13":{"start":{"line":19,"column":2},"end":{"line":25,"column":5}},"14":{"start":{"line":20,"column":4},"end":{"line":22,"column":5}},"15":{"start":{"line":21,"column":6},"end":{"line":21,"column":32}},"16":{"start":{"line":23,"column":4},"end":{"line":23,"column":31}},"17":{"start":{"line":24,"column":4},"end":{"line":24,"column":49}},"18":{"start":{"line":28,"column":0},"end":{"line":35,"column":3}},"19":{"start":{"line":29,"column":2},"end":{"line":34,"column":5}},"20":{"start":{"line":30,"column":4},"end":{"line":32,"column":5}},"21":{"start":{"line":31,"column":6},"end":{"line":31,"column":32}},"22":{"start":{"line":33,"column":4},"end":{"line":33,"column":49}},"23":{"start":{"line":37,"column":0},"end":{"line":57,"column":3}},"24":{"start":{"line":38,"column":2},"end":{"line":38,"column":42}},"25":{"start":{"line":39,"column":2},"end":{"line":39,"column":30}},"26":{"start":{"line":41,"column":2},"end":{"line":56,"column":5}},"27":{"start":{"line":42,"column":4},"end":{"line":45,"column":5}},"28":{"start":{"line":43,"column":6},"end":{"line":43,"column":32}},"29":{"start":{"line":44,"column":6},"end":{"line":44,"column":23}},"30":{"start":{"line":46,"column":4},"end":{"line":55,"column":5}},"31":{"start":{"line":47,"column":6},"end":{"line":50,"column":7}},"32":{"start":{"line":51,"column":6},"end":{"line":53,"column":9}},"33":{"start":{"line":52,"column":8},"end":{"line":52,"column":33}},"34":{"start":{"line":54,"column":6},"end":{"line":54,"column":74}},"35":{"start":{"line":59,"column":0},"end":{"line":68,"column":3}},"36":{"start":{"line":60,"column":2},"end":{"line":67,"column":4}},"37":{"start":{"line":61,"column":4},"end":{"line":63,"column":5}},"38":{"start":{"line":62,"column":6},"end":{"line":62,"column":32}},"39":{"start":{"line":64,"column":4},"end":{"line":66,"column":5}},"40":{"start":{"line":65,"column":6},"end":{"line":65,"column":38}},"41":{"start":{"line":70,"column":0},"end":{"line":70,"column":24}}},"branchMap":{"1":{"line":11,"type":"if","locations":[{"start":{"line":11,"column":4},"end":{"line":11,"column":4}},{"start":{"line":11,"column":4},"end":{"line":11,"column":4}}]},"2":{"line":20,"type":"if","locations":[{"start":{"line":20,"column":4},"end":{"line":20,"column":4}},{"start":{"line":20,"column":4},"end":{"line":20,"column":4}}]},"3":{"line":30,"type":"if","locations":[{"start":{"line":30,"column":4},"end":{"line":30,"column":4}},{"start":{"line":30,"column":4},"end":{"line":30,"column":4}}]},"4":{"line":42,"type":"if","locations":[{"start":{"line":42,"column":4},"end":{"line":42,"column":4}},{"start":{"line":42,"column":4},"end":{"line":42,"column":4}}]},"5":{"line":46,"type":"if","locations":[{"start":{"line":46,"column":4},"end":{"line":46,"column":4}},{"start":{"line":46,"column":4},"end":{"line":46,"column":4}}]},"6":{"line":46,"type":"binary-expr","locations":[{"start":{"line":46,"column":8},"end":{"line":46,"column":14}},{"start":{"line":46,"column":18},"end":{"line":46,"column":43}}]},"7":{"line":61,"type":"if","locations":[{"start":{"line":61,"column":4},"end":{"line":61,"column":4}},{"start":{"line":61,"column":4},"end":{"line":61,"column":4}}]},"8":{"line":64,"type":"if","locations":[{"start":{"line":64,"column":4},"end":{"line":64,"column":4}},{"start":{"line":64,"column":4},"end":{"line":64,"column":4}}]},"9":{"line":64,"type":"binary-expr","locations":[{"start":{"line":64,"column":8},"end":{"line":64,"column":14}},{"start":{"line":64,"column":18},"end":{"line":64,"column":43}}]}}},"C:\\ANCA\\Projects\\www.roadmap.com\\server-shop\\server\\server_node.js":{"path":"C:\\ANCA\\Projects\\www.roadmap.com\\server-shop\\server\\server_node.js","s":{"1":0,"2":0,"3":0,"4":0,"5":0,"6":0,"7":0,"8":0,"9":0,"10":0,"11":0},"b":{"1":[0,0]},"f":{"1":0},"fnMap":{"1":{"name":"onRequest","line":3,"loc":{"start":{"line":3,"column":0},"end":{"line":3,"column":29}}}},"statementMap":{"1":{"start":{"line":1,"column":0},"end":{"line":1,"column":27}},"2":{"start":{"line":3,"column":0},"end":{"line":12,"column":1}},"3":{"start":{"line":4,"column":2},"end":{"line":11,"column":3}},"4":{"start":{"line":5,"column":4},"end":{"line":5,"column":57}},"5":{"start":{"line":6,"column":4},"end":{"line":6,"column":30}},"6":{"start":{"line":7,"column":4},"end":{"line":7,"column":14}},"7":{"start":{"line":9,"column":4},"end":{"line":9,"column":25}},"8":{"start":{"line":10,"column":4},"end":{"line":10,"column":14}},"9":{"start":{"line":14,"column":0},"end":{"line":14,"column":44}},"10":{"start":{"line":16,"column":0},"end":{"line":16,"column":20}},"11":{"start":{"line":18,"column":0},"end":{"line":18,"column":29}}},"branchMap":{"1":{"line":4,"type":"if","locations":[{"start":{"line":4,"column":2},"end":{"line":4,"column":2}},{"start":{"line":4,"column":2},"end":{"line":4,"column":2}}]}}},"C:\\ANCA\\Projects\\www.roadmap.com\\server-shop\\server\\server.js":{"path":"C:\\ANCA\\Projects\\www.roadmap.com\\server-shop\\server\\server.js","s":{"1":0,"2":0,"3":0,"4":0,"5":0,"6":0,"7":0,"8":0,"9":0,"10":0,"11":0,"12":0,"13":0,"14":0,"15":0},"b":{},"f":{},"fnMap":{},"statementMap":{"1":{"start":{"line":1,"column":0},"end":{"line":1,"column":35}},"2":{"start":{"line":2,"column":0},"end":{"line":2,"column":29}},"3":{"start":{"line":3,"column":0},"end":{"line":3,"column":29}},"4":{"start":{"line":4,"column":0},"end":{"line":4,"column":42}},"5":{"start":{"line":6,"column":0},"end":{"line":6,"column":46}},"6":{"start":{"line":7,"column":0},"end":{"line":7,"column":50}},"7":{"start":{"line":9,"column":0},"end":{"line":9,"column":22}},"8":{"start":{"line":11,"column":0},"end":{"line":11,"column":27}},"9":{"start":{"line":12,"column":0},"end":{"line":12,"column":52}},"10":{"start":{"line":13,"column":0},"end":{"line":13,"column":16}},"11":{"start":{"line":15,"column":0},"end":{"line":15,"column":31}},"12":{"start":{"line":16,"column":0},"end":{"line":16,"column":35}},"13":{"start":{"line":18,"column":0},"end":{"line":20,"column":3}},"14":{"start":{"line":19,"column":2},"end":{"line":19,"column":35}},"15":{"start":{"line":23,"column":0},"end":{"line":23,"column":24}}},"branchMap":{}}}