TN:
SF:C:\ANCA\Projects\www.roadmap.com\server-shop\spec\specs.js
FNF:0
FNH:0
DA:1,1
DA:2,1
DA:3,1
DA:4,1
DA:11,1
DA:12,1
DA:13,1
DA:14,1
LF:8
LH:8
BRF:0
BRH:0
end_of_record
TN:
SF:C:\ANCA\Projects\www.roadmap.com\server-shop\spec\unit\models\category.spec.js
FN:3,(anonymous_1)
FN:4,(anonymous_2)
FN:5,(anonymous_3)
FN:6,(anonymous_4)
FN:12,(anonymous_5)
FN:23,(anonymous_6)
FN:33,(anonymous_7)
FN:46,(anonymous_8)
FNF:8
FNH:0
FNDA:0,(anonymous_1)
FNDA:0,(anonymous_2)
FNDA:0,(anonymous_3)
FNDA:0,(anonymous_4)
FNDA:0,(anonymous_5)
FNDA:0,(anonymous_6)
FNDA:0,(anonymous_7)
FNDA:0,(anonymous_8)
DA:1,1
DA:2,1
DA:8,1
DA:10,1
DA:11,1
DA:12,1
DA:14,1
DA:16,1
DA:17,1
DA:20,1
DA:21,1
DA:22,1
DA:23,1
DA:25,1
DA:27,1
DA:28,1
DA:31,1
DA:32,1
DA:33,1
DA:35,1
DA:37,1
DA:38,1
DA:41,1
DA:42,1
DA:43,1
DA:45,1
DA:46,1
DA:48,1
DA:50,1
DA:51,1
DA:52,1
DA:53,1
LF:32
LH:32
BRF:0
BRH:0
end_of_record
TN:
SF:C:\ANCA\Projects\www.roadmap.com\server-shop\server\models\category.js
FNF:0
FNH:0
DA:1,1
DA:3,1
DA:6,1
DA:9,1
DA:12,1
DA:13,1
DA:17,1
LF:7
LH:7
BRF:0
BRH:0
end_of_record
TN:
SF:C:\ANCA\Projects\www.roadmap.com\server-shop\spec\unit\models\DBModel.spec.js
FNF:0
FNH:0
DA:1,1
DA:2,1
DA:4,1
DA:5,1
DA:6,1
DA:7,1
DA:8,1
DA:10,1
DA:12,1
LF:9
LH:9
BRF:0
BRH:0
end_of_record
TN:
SF:C:\ANCA\Projects\www.roadmap.com\server-shop\server\db_connection\mysqlConnection.js
FNF:0
FNH:0
DA:1,1
DA:3,1
DA:11,1
LF:3
LH:3
BRF:0
BRH:0
end_of_record
TN:
SF:C:\ANCA\Projects\www.roadmap.com\server-shop\server\models\DBModel.js
FN:3,(anonymous_1)
FNF:1
FNH:1
FNDA:8,(anonymous_1)
DA:1,1
DA:3,1
DA:4,8
DA:8,8
DA:9,2
LF:5
LH:5
BRDA:8,1,0,6
BRDA:8,1,1,2
BRF:2
BRH:2
end_of_record
TN:
SF:C:\ANCA\Projects\www.roadmap.com\server-shop\spec\unit\models\product.spec.js
FN:3,(anonymous_1)
FN:4,(anonymous_2)
FN:5,(anonymous_3)
FN:6,(anonymous_4)
FN:7,(anonymous_5)
FN:13,(anonymous_6)
FN:23,(anonymous_7)
FN:33,(anonymous_8)
FN:43,(anonymous_9)
FN:53,(anonymous_10)
FN:66,(anonymous_11)
FNF:11
FNH:0
FNDA:0,(anonymous_1)
FNDA:0,(anonymous_2)
FNDA:0,(anonymous_3)
FNDA:0,(anonymous_4)
FNDA:0,(anonymous_5)
FNDA:0,(anonymous_6)
FNDA:0,(anonymous_7)
FNDA:0,(anonymous_8)
FNDA:0,(anonymous_9)
FNDA:0,(anonymous_10)
FNDA:0,(anonymous_11)
DA:1,1
DA:2,1
DA:9,1
DA:11,1
DA:12,1
DA:13,1
DA:15,1
DA:17,1
DA:18,1
DA:21,1
DA:22,1
DA:23,1
DA:25,1
DA:27,1
DA:30,1
DA:31,1
DA:32,1
DA:33,1
DA:35,1
DA:37,1
DA:40,1
DA:41,1
DA:42,1
DA:43,1
DA:45,1
DA:47,1
DA:48,1
DA:51,1
DA:52,1
DA:53,1
DA:55,1
DA:57,1
DA:58,1
DA:61,1
DA:62,1
DA:63,1
DA:65,1
DA:66,1
DA:68,1
DA:70,1
DA:71,1
DA:72,1
DA:73,1
LF:43
LH:43
BRF:0
BRH:0
end_of_record
TN:
SF:C:\ANCA\Projects\www.roadmap.com\server-shop\server\models\product.js
FNF:0
FNH:0
DA:1,1
DA:3,1
DA:6,1
DA:11,1
DA:14,1
DA:19,1
DA:22,1
DA:25,1
DA:28,1
DA:29,1
DA:33,1
LF:11
LH:11
BRF:0
BRH:0
end_of_record
TN:
SF:C:\ANCA\Projects\www.roadmap.com\server-shop\spec\unit\models\productCategory.spec.js
FN:3,(anonymous_1)
FN:9,(anonymous_2)
FNF:2
FNH:0
FNDA:0,(anonymous_1)
FNDA:0,(anonymous_2)
DA:1,1
DA:2,1
DA:5,1
DA:7,1
DA:8,1
DA:9,1
DA:11,1
DA:13,1
DA:14,1
LF:9
LH:9
BRF:0
BRH:0
end_of_record
TN:
SF:C:\ANCA\Projects\www.roadmap.com\server-shop\server\models\productCategory.js
FNF:0
FNH:0
DA:1,1
DA:3,1
DA:7,1
LF:3
LH:3
BRF:0
BRH:0
end_of_record
TN:
SF:C:\ANCA\Projects\www.roadmap.com\server-shop\spec\unit\routes\categories.spec.js
FN:7,(anonymous_1)
FNF:1
FNH:1
FNDA:1,(anonymous_1)
DA:1,1
DA:2,1
DA:4,1
DA:5,1
DA:7,1
DA:8,1
DA:9,1
DA:10,1
DA:11,1
DA:14,1
DA:17,1
DA:18,1
DA:19,1
DA:23,1
DA:24,1
DA:25,1
DA:26,1
DA:29,1
DA:32,1
DA:33,1
DA:37,1
DA:38,1
DA:41,1
DA:43,1
DA:44,1
DA:47,1
DA:50,1
DA:51,1
DA:52,1
DA:56,1
DA:57,1
DA:58,1
DA:59,1
DA:60,1
DA:63,1
DA:66,1
DA:67,1
DA:71,1
DA:72,1
DA:76,1
DA:77,1
DA:80,1
DA:84,1
DA:85,1
DA:86,1
DA:90,1
DA:91,1
DA:93,1
DA:94,1
DA:97,1
DA:100,1
DA:101,1
DA:105,1
DA:106,1
DA:109,1
DA:110,1
DA:111,1
DA:114,1
DA:117,1
DA:118,1
DA:122,1
DA:123,1
DA:124,1
DA:125,1
DA:126,1
DA:129,1
DA:132,1
DA:133,1
LF:68
LH:68
BRF:0
BRH:0
end_of_record
TN:
SF:C:\ANCA\Projects\www.roadmap.com\server-shop\server\server.js
FNF:0
FNH:0
DA:1,1
DA:2,1
DA:3,1
DA:4,1
DA:6,1
DA:7,1
DA:9,1
DA:11,1
DA:12,1
DA:13,1
DA:15,1
DA:16,1
DA:18,1
DA:19,1
DA:23,1
LF:15
LH:15
BRF:0
BRH:0
end_of_record
TN:
SF:C:\ANCA\Projects\www.roadmap.com\server-shop\server\routes\products.js
FNF:0
FNH:0
DA:1,1
DA:2,1
DA:4,1
DA:5,1
DA:6,1
DA:7,1
DA:9,1
DA:11,1
DA:12,2
DA:13,2
DA:14,1
DA:16,1
DA:21,1
DA:22,2
DA:23,2
DA:24,1
DA:26,1
DA:31,1
DA:32,2
DA:33,2
DA:34,1
DA:36,1
DA:41,1
DA:42,2
DA:43,2
DA:45,2
DA:46,2
DA:48,2
DA:49,2
DA:50,1
DA:52,2
DA:53,1
DA:57,1
DA:58,1
DA:60,1
DA:61,1
DA:63,1
DA:68,1
DA:69,2
DA:70,2
DA:71,1
DA:73,2
DA:74,1
DA:79,1
LF:44
LH:44
BRDA:13,1,0,1
BRDA:13,1,1,1
BRDA:23,2,0,1
BRDA:23,2,1,1
BRDA:33,3,0,1
BRDA:33,3,1,1
BRDA:49,4,0,1
BRDA:49,4,1,1
BRDA:52,5,0,1
BRDA:52,5,1,1
BRDA:52,6,0,2
BRDA:52,6,1,1
BRDA:70,7,0,1
BRDA:70,7,1,1
BRDA:73,8,0,1
BRDA:73,8,1,1
BRDA:73,9,0,2
BRDA:73,9,1,1
BRF:18
BRH:18
end_of_record
TN:
SF:C:\ANCA\Projects\www.roadmap.com\server-shop\server\routes\categories.js
FNF:0
FNH:0
DA:1,1
DA:2,1
DA:4,1
DA:5,1
DA:6,1
DA:8,1
DA:10,1
DA:11,2
DA:12,2
DA:13,1
DA:15,1
DA:20,1
DA:21,2
DA:22,2
DA:23,1
DA:25,1
DA:30,1
DA:31,2
DA:32,2
DA:34,2
DA:35,2
DA:36,1
DA:38,2
DA:39,1
DA:44,1
DA:45,2
DA:46,2
DA:47,1
DA:49,2
DA:50,1
DA:55,1
LF:31
LH:31
BRDA:12,1,0,1
BRDA:12,1,1,1
BRDA:22,2,0,1
BRDA:22,2,1,1
BRDA:35,3,0,1
BRDA:35,3,1,1
BRDA:38,4,0,1
BRDA:38,4,1,1
BRDA:38,5,0,2
BRDA:38,5,1,1
BRDA:46,6,0,1
BRDA:46,6,1,1
BRDA:49,7,0,1
BRDA:49,7,1,1
BRDA:49,8,0,2
BRDA:49,8,1,1
BRF:16
BRH:16
end_of_record
TN:
SF:C:\ANCA\Projects\www.roadmap.com\server-shop\spec\unit\routes\products.spec.js
FN:9,(anonymous_1)
FNF:1
FNH:1
FNDA:1,(anonymous_1)
DA:1,1
DA:2,1
DA:4,1
DA:5,1
DA:6,1
DA:7,1
DA:9,1
DA:10,1
DA:11,1
DA:12,1
DA:13,1
DA:16,1
DA:19,1
DA:20,1
DA:21,1
DA:25,1
DA:26,1
DA:27,1
DA:28,1
DA:31,1
DA:34,1
DA:35,1
DA:39,1
DA:40,1
DA:44,1
DA:45,1
DA:46,1
DA:49,1
DA:52,1
DA:53,1
DA:54,1
DA:58,1
DA:59,1
DA:60,1
DA:61,1
DA:62,1
DA:65,1
DA:68,1
DA:69,1
DA:73,1
DA:74,1
DA:78,1
DA:79,1
DA:80,1
DA:83,1
DA:86,1
DA:87,1
DA:88,1
DA:92,1
DA:93,1
DA:94,1
DA:95,1
DA:96,1
DA:99,1
DA:102,1
DA:103,1
DA:107,1
DA:108,1
DA:112,1
DA:115,1
DA:116,1
DA:119,1
DA:120,1
DA:123,1
DA:127,1
DA:128,1
DA:129,1
DA:130,1
DA:134,1
DA:135,1
DA:137,1
DA:138,1
DA:141,1
DA:144,1
DA:145,1
DA:149,1
DA:150,1
DA:153,1
DA:154,1
DA:155,1
DA:158,1
DA:161,1
DA:162,1
DA:166,1
DA:167,1
DA:168,1
DA:169,1
DA:170,1
DA:173,1
DA:176,1
DA:177,1
LF:91
LH:91
BRF:0
BRH:0
end_of_record
TN:
SF:C:\ANCA\Projects\www.roadmap.com\server-shop\spec\unit\server.spec.js
FNF:0
FNH:0
DA:1,1
LF:1
LH:1
BRF:0
BRH:0
end_of_record
TN:
SF:C:\ANCA\Projects\www.roadmap.com\server-shop\server\server_node.js
FN:3,onRequest
FNF:1
FNH:0
FNDA:0,onRequest
DA:1,0
DA:3,0
DA:4,0
DA:5,0
DA:6,0
DA:7,0
DA:9,0
DA:10,0
DA:14,0
DA:16,0
DA:18,0
LF:11
LH:0
BRDA:4,1,0,0
BRDA:4,1,1,0
BRF:2
BRH:0
end_of_record
